 
Wed Apr 6 19:30:47 UTC 2022 | Starting Cloud Backup. . .!
Wed Apr 6 19:34:33 UTC 2022 | Completed Cloud Backup..!
Thu Apr 7 19:30:47 UTC 2022 | Starting Cloud Backup. . .!
Thu Apr 7 19:33:58 UTC 2022 | Completed Cloud Backup..!
Fri Apr 8 19:30:15 UTC 2022 | Starting Cloud Backup. . .!
Fri Apr 8 19:30:46 UTC 2022 | Completed Cloud Backup..!
Sat Apr 9 17:32:02 UTC 2022 | Starting Cloud Backup. . .!
Sat Apr 9 17:32:02 UTC 2022 | Completed Cloud Backup..!
Sat Apr 9 17:32:33 UTC 2022 | Starting Cloud Backup. . .!
Sat Apr 9 17:33:29 UTC 2022 | Completed Cloud Backup..!
Sat Apr 9 19:30:14 UTC 2022 | Starting Cloud Backup. . .!
Sat Apr 9 19:31:12 UTC 2022 | Completed Cloud Backup..!
Sun Apr 10 19:31:08 UTC 2022 | Starting Cloud Backup. . .!
Sun Apr 10 19:32:00 UTC 2022 | Completed Cloud Backup..!
Mon Apr 11 19:31:14 UTC 2022 | Starting Cloud Backup. . .!
Mon Apr 11 19:32:08 UTC 2022 | Completed Cloud Backup..!
Tue Apr 12 19:31:56 UTC 2022 | Starting Cloud Backup. . .!
Tue Apr 12 19:32:57 UTC 2022 | Completed Cloud Backup..!
Wed Apr 13 19:30:53 UTC 2022 | Starting Cloud Backup. . .!
Wed Apr 13 19:32:02 UTC 2022 | Completed Cloud Backup..!
